<?xml version="1.0" encoding="UTF-8"?>
<!-- Generated by org.testng.reporters.JUnitReportReporter -->
<testsuite ignored="0" hostname="DESKTOP-0H16K7A" failures="0" tests="1" name="com.learnautomation.testcases.LoginTestCRM" time="16.430" errors="0" timestamp="14 Sep 2023 19:29:02 GMT" skipped="0">
  <testcase classname="com.learnautomation.testcases.LoginTestCRM" name="loginapp" time="16.430"/>
</testsuite> <!-- com.learnautomation.testcases.LoginTestCRM -->
