<?xml version="1.0" encoding="UTF-8"?>
<!-- Generated by org.testng.reporters.JUnitReportReporter -->
<testsuite ignored="0" hostname="DESKTOP-0H16K7A" failures="0" tests="1" name="com.learnautomation.testcases.LoginTestCRM" time="13.553" errors="0" timestamp="16 Sep 2023 12:42:41 GMT" skipped="0">
  <testcase classname="com.learnautomation.testcases.LoginTestCRM" name="loginapp" time="13.553"/>
</testsuite> <!-- com.learnautomation.testcases.LoginTestCRM -->
